0 info it worked if it ends with ok
1 verbose cli [ 'E:\\Code\\Nodejs\\\\node.exe',
1 verbose cli   'E:\\Code\\Nodejs\\node_modules\\npm\\bin\\npm-cli.js',
1 verbose cli   'install',
1 verbose cli   'underscore' ]
2 info using npm@1.4.28
3 info using node@v0.10.33
4 verbose node symlink E:\Code\Nodejs\\node.exe
5 verbose cache add [ 'underscore', null ]
6 verbose cache add name=undefined spec="underscore" args=["underscore",null]
7 verbose parsed url { protocol: null,
7 verbose parsed url   slashes: null,
7 verbose parsed url   auth: null,
7 verbose parsed url   host: null,
7 verbose parsed url   port: null,
7 verbose parsed url   hostname: null,
7 verbose parsed url   hash: null,
7 verbose parsed url   search: null,
7 verbose parsed url   query: null,
7 verbose parsed url   pathname: 'underscore',
7 verbose parsed url   path: 'underscore',
7 verbose parsed url   href: 'underscore' }
8 silly lockFile 64bc6893-underscore underscore
9 verbose lock underscore C:\Users\Skeksify\AppData\Roaming\npm-cache\64bc6893-underscore.lock
10 silly lockFile 64bc6893-underscore underscore
11 silly lockFile 64bc6893-underscore underscore
12 verbose addNamed [ 'underscore', '' ]
13 verbose addNamed [ null, '*' ]
14 silly lockFile 7629b758-underscore underscore@
15 verbose lock underscore@ C:\Users\Skeksify\AppData\Roaming\npm-cache\7629b758-underscore.lock
16 silly addNameRange { name: 'underscore', range: '*', hasData: false }
17 verbose request where is /underscore
18 verbose request registry https://registry.npmjs.org/
19 verbose request id c85730d4e5c188b3
20 verbose url raw /underscore
21 verbose url resolving [ 'https://registry.npmjs.org/', './underscore' ]
22 verbose url resolved https://registry.npmjs.org/underscore
23 verbose request where is https://registry.npmjs.org/underscore
24 info trying registry request attempt 1 at 02:27:47
25 http GET https://registry.npmjs.org/underscore
26 info retry will retry, error on last attempt: Error: Hostname/IP doesn't match certificate's altnames
27 info trying registry request attempt 2 at 02:27:57
28 http GET https://registry.npmjs.org/underscore
29 http 200 https://registry.npmjs.org/underscore
30 silly registry.get cb [ 200,
30 silly registry.get   { date: 'Fri, 12 Dec 2014 00:28:08 GMT',
30 silly registry.get     server: 'CouchDB/1.5.0 (Erlang OTP/R16B03)',
30 silly registry.get     etag: '"4JREEEFJXV5C3J3S1MQRLYZL5"',
30 silly registry.get     'content-type': 'application/json',
30 silly registry.get     'cache-control': 'max-age=60',
30 silly registry.get     'content-length': '33431',
30 silly registry.get     'accept-ranges': 'bytes',
30 silly registry.get     via: '1.1 varnish',
30 silly registry.get     age: '15',
30 silly registry.get     'x-served-by': 'cache-lcy1120-LCY',
30 silly registry.get     'x-cache': 'HIT',
30 silly registry.get     'x-cache-hits': '1',
30 silly registry.get     'x-timer': 'S1418344088.666520,VS0,VE0',
30 silly registry.get     vary: 'Accept',
30 silly registry.get     'keep-alive': 'timeout=10, max=50',
30 silly registry.get     connection: 'Keep-Alive' } ]
31 silly addNameRange number 2 { name: 'underscore', range: '*', hasData: true }
32 silly addNameRange versions [ 'underscore',
32 silly addNameRange   [ '1.0.3',
32 silly addNameRange     '1.0.4',
32 silly addNameRange     '1.1.0',
32 silly addNameRange     '1.1.1',
32 silly addNameRange     '1.1.2',
32 silly addNameRange     '1.1.3',
32 silly addNameRange     '1.1.4',
32 silly addNameRange     '1.1.5',
32 silly addNameRange     '1.1.6',
32 silly addNameRange     '1.1.7',
32 silly addNameRange     '1.2.0',
32 silly addNameRange     '1.2.1',
32 silly addNameRange     '1.2.2',
32 silly addNameRange     '1.2.3',
32 silly addNameRange     '1.2.4',
32 silly addNameRange     '1.3.0',
32 silly addNameRange     '1.3.1',
32 silly addNameRange     '1.3.2',
32 silly addNameRange     '1.3.3',
32 silly addNameRange     '1.4.0',
32 silly addNameRange     '1.4.1',
32 silly addNameRange     '1.4.2',
32 silly addNameRange     '1.4.3',
32 silly addNameRange     '1.4.4',
32 silly addNameRange     '1.5.0',
32 silly addNameRange     '1.5.1',
32 silly addNameRange     '1.5.2',
32 silly addNameRange     '1.6.0',
32 silly addNameRange     '1.7.0' ] ]
33 verbose addNamed [ 'underscore', '1.7.0' ]
34 verbose addNamed [ '1.7.0', '1.7.0' ]
35 silly lockFile 900da168-underscore-1-7-0 underscore@1.7.0
36 verbose lock underscore@1.7.0 C:\Users\Skeksify\AppData\Roaming\npm-cache\900da168-underscore-1-7-0.lock
37 silly lockFile 0bc9860b--underscore-underscore-1-7-0-tgz https://registry.npmjs.org/underscore/-/underscore-1.7.0.tgz
38 verbose lock https://registry.npmjs.org/underscore/-/underscore-1.7.0.tgz C:\Users\Skeksify\AppData\Roaming\npm-cache\0bc9860b--underscore-underscore-1-7-0-tgz.lock
39 verbose addRemoteTarball [ 'https://registry.npmjs.org/underscore/-/underscore-1.7.0.tgz',
39 verbose addRemoteTarball   '6bbaf0877500d36be34ecaa584e0db9fef035209' ]
40 info retry fetch attempt 1 at 02:27:58
41 verbose fetch to= C:\Users\Skeksify\AppData\Local\Temp\npm-7056-0p-ZbXka\registry.npmjs.org\underscore\-\underscore-1.7.0.tgz
42 http GET https://registry.npmjs.org/underscore/-/underscore-1.7.0.tgz
43 error fetch failed https://registry.npmjs.org/underscore/-/underscore-1.7.0.tgz
44 info retry will retry, error on last attempt: Error: Hostname/IP doesn't match certificate's altnames
45 info retry fetch attempt 2 at 02:28:08
46 verbose fetch to= C:\Users\Skeksify\AppData\Local\Temp\npm-7056-0p-ZbXka\registry.npmjs.org\underscore\-\underscore-1.7.0.tgz
47 http GET https://registry.npmjs.org/underscore/-/underscore-1.7.0.tgz
48 error fetch failed https://registry.npmjs.org/underscore/-/underscore-1.7.0.tgz
49 info retry will retry, error on last attempt: Error: Hostname/IP doesn't match certificate's altnames
50 info retry fetch attempt 3 at 02:29:08
51 verbose fetch to= C:\Users\Skeksify\AppData\Local\Temp\npm-7056-0p-ZbXka\registry.npmjs.org\underscore\-\underscore-1.7.0.tgz
52 http GET https://registry.npmjs.org/underscore/-/underscore-1.7.0.tgz
53 error fetch failed https://registry.npmjs.org/underscore/-/underscore-1.7.0.tgz
54 silly lockFile 0bc9860b--underscore-underscore-1-7-0-tgz https://registry.npmjs.org/underscore/-/underscore-1.7.0.tgz
55 silly lockFile 0bc9860b--underscore-underscore-1-7-0-tgz https://registry.npmjs.org/underscore/-/underscore-1.7.0.tgz
56 silly lockFile 900da168-underscore-1-7-0 underscore@1.7.0
57 silly lockFile 900da168-underscore-1-7-0 underscore@1.7.0
58 silly lockFile 7629b758-underscore underscore@
59 silly lockFile 7629b758-underscore underscore@
60 error Error: Hostname/IP doesn't match certificate's altnames
60 error     at SecurePair.<anonymous> (tls.js:1389:23)
60 error     at SecurePair.emit (events.js:92:17)
60 error     at SecurePair.maybeInitFinished (tls.js:979:10)
60 error     at CleartextStream.read [as _read] (tls.js:471:13)
60 error     at CleartextStream.Readable.read (_stream_readable.js:340:10)
60 error     at EncryptedStream.write [as _write] (tls.js:368:25)
60 error     at doWrite (_stream_writable.js:225:10)
60 error     at writeOrBuffer (_stream_writable.js:215:5)
60 error     at EncryptedStream.Writable.write (_stream_writable.js:182:11)
60 error     at write (_stream_readable.js:601:24)
60 error     at flow (_stream_readable.js:610:7)
60 error     at Socket.pipeOnReadable (_stream_readable.js:642:5)
61 error If you need help, you may report this *entire* log,
61 error including the npm and node versions, at:
61 error     <http://github.com/npm/npm/issues>
62 error System Windows_NT 6.1.7601
63 error command "E:\\Code\\Nodejs\\\\node.exe" "E:\\Code\\Nodejs\\node_modules\\npm\\bin\\npm-cli.js" "install" "underscore"
64 error cwd E:\Code\Taler
65 error node -v v0.10.33
66 error npm -v 1.4.28
67 verbose exit [ 1, true ]
